sfml-window-s-d.lib(VideoMode.obj) : warning LNK4099: PDB '' não foi encontrado 'sfml-window-s-d.lib(VideoMode.obj)' ou no ''; vinculando objeto quando quando sem nenhuma informação de depuração
sfml-window-s-d.lib(WindowBase.obj) : warning LNK4099: PDB '' não foi encontrado 'sfml-window-s-d.lib(WindowBase.obj)' ou no ''; vinculando objeto quando quando sem nenhuma informação de depuração
sfml-window-s-d.lib(Window.obj) : warning LNK4099: PDB '' não foi encontrado 'sfml-window-s-d.lib(Window.obj)' ou no ''; vinculando objeto quando quando sem nenhuma informação de depuração
sfml-window-s-d.lib(VideoModeImpl.obj) : warning LNK4099: PDB '' não foi encontrado 'sfml-window-s-d.lib(VideoModeImpl.obj)' ou no ''; vinculando objeto quando quando sem nenhuma informação de depuração
sfml-window-s-d.lib(Cursor.obj) : warning LNK4099: PDB '' não foi encontrado 'sfml-window-s-d.lib(Cursor.obj)' ou no ''; vinculando objeto quando quando sem nenhuma informação de depuração
sfml-window-s-d.lib(WindowImpl.obj) : warning LNK4099: PDB '' não foi encontrado 'sfml-window-s-d.lib(WindowImpl.obj)' ou no ''; vinculando objeto quando quando sem nenhuma informação de depuração
sfml-window-s-d.lib(GlResource.obj) : warning LNK4099: PDB '' não foi encontrado 'sfml-window-s-d.lib(GlResource.obj)' ou no ''; vinculando objeto quando quando sem nenhuma informação de depuração
sfml-window-s-d.lib(GlContext.obj) : warning LNK4099: PDB '' não foi encontrado 'sfml-window-s-d.lib(GlContext.obj)' ou no ''; vinculando objeto quando quando sem nenhuma informação de depuração
sfml-window-s-d.lib(CursorImpl.obj) : warning LNK4099: PDB '' não foi encontrado 'sfml-window-s-d.lib(CursorImpl.obj)' ou no ''; vinculando objeto quando quando sem nenhuma informação de depuração
sfml-window-s-d.lib(JoystickManager.obj) : warning LNK4099: PDB '' não foi encontrado 'sfml-window-s-d.lib(JoystickManager.obj)' ou no ''; vinculando objeto quando quando sem nenhuma informação de depuração
sfml-window-s-d.lib(SensorManager.obj) : warning LNK4099: PDB '' não foi encontrado 'sfml-window-s-d.lib(SensorManager.obj)' ou no ''; vinculando objeto quando quando sem nenhuma informação de depuração
sfml-window-s-d.lib(WindowImplWin32.obj) : warning LNK4099: PDB '' não foi encontrado 'sfml-window-s-d.lib(WindowImplWin32.obj)' ou no ''; vinculando objeto quando quando sem nenhuma informação de depuração
sfml-window-s-d.lib(VulkanImplWin32.obj) : warning LNK4099: PDB '' não foi encontrado 'sfml-window-s-d.lib(VulkanImplWin32.obj)' ou no ''; vinculando objeto quando quando sem nenhuma informação de depuração
sfml-window-s-d.lib(Context.obj) : warning LNK4099: PDB '' não foi encontrado 'sfml-window-s-d.lib(Context.obj)' ou no ''; vinculando objeto quando quando sem nenhuma informação de depuração
sfml-window-s-d.lib(WglContext.obj) : warning LNK4099: PDB '' não foi encontrado 'sfml-window-s-d.lib(WglContext.obj)' ou no ''; vinculando objeto quando quando sem nenhuma informação de depuração
sfml-window-s-d.lib(Joystick.obj) : warning LNK4099: PDB '' não foi encontrado 'sfml-window-s-d.lib(Joystick.obj)' ou no ''; vinculando objeto quando quando sem nenhuma informação de depuração
sfml-window-s-d.lib(JoystickImpl.obj) : warning LNK4099: PDB '' não foi encontrado 'sfml-window-s-d.lib(JoystickImpl.obj)' ou no ''; vinculando objeto quando quando sem nenhuma informação de depuração
sfml-window-s-d.lib(SensorImpl.obj) : warning LNK4099: PDB '' não foi encontrado 'sfml-window-s-d.lib(SensorImpl.obj)' ou no ''; vinculando objeto quando quando sem nenhuma informação de depuração
sfml-graphics-s-d.lib(Color.obj) : warning LNK4099: PDB '' não foi encontrado 'sfml-graphics-s-d.lib(Color.obj)' ou no ''; vinculando objeto quando quando sem nenhuma informação de depuração
sfml-graphics-s-d.lib(Shape.obj) : warning LNK4099: PDB '' não foi encontrado 'sfml-graphics-s-d.lib(Shape.obj)' ou no ''; vinculando objeto quando quando sem nenhuma informação de depuração
sfml-graphics-s-d.lib(CircleShape.obj) : warning LNK4099: PDB '' não foi encontrado 'sfml-graphics-s-d.lib(CircleShape.obj)' ou no ''; vinculando objeto quando quando sem nenhuma informação de depuração
sfml-graphics-s-d.lib(RenderTarget.obj) : warning LNK4099: PDB '' não foi encontrado 'sfml-graphics-s-d.lib(RenderTarget.obj)' ou no ''; vinculando objeto quando quando sem nenhuma informação de depuração
sfml-graphics-s-d.lib(RenderWindow.obj) : warning LNK4099: PDB '' não foi encontrado 'sfml-graphics-s-d.lib(RenderWindow.obj)' ou no ''; vinculando objeto quando quando sem nenhuma informação de depuração
sfml-graphics-s-d.lib(RenderStates.obj) : warning LNK4099: PDB '' não foi encontrado 'sfml-graphics-s-d.lib(RenderStates.obj)' ou no ''; vinculando objeto quando quando sem nenhuma informação de depuração
sfml-graphics-s-d.lib(Transform.obj) : warning LNK4099: PDB '' não foi encontrado 'sfml-graphics-s-d.lib(Transform.obj)' ou no ''; vinculando objeto quando quando sem nenhuma informação de depuração
sfml-graphics-s-d.lib(Transformable.obj) : warning LNK4099: PDB '' não foi encontrado 'sfml-graphics-s-d.lib(Transformable.obj)' ou no ''; vinculando objeto quando quando sem nenhuma informação de depuração
sfml-graphics-s-d.lib(VertexArray.obj) : warning LNK4099: PDB '' não foi encontrado 'sfml-graphics-s-d.lib(VertexArray.obj)' ou no ''; vinculando objeto quando quando sem nenhuma informação de depuração
sfml-graphics-s-d.lib(Texture.obj) : warning LNK4099: PDB '' não foi encontrado 'sfml-graphics-s-d.lib(Texture.obj)' ou no ''; vinculando objeto quando quando sem nenhuma informação de depuração
sfml-graphics-s-d.lib(View.obj) : warning LNK4099: PDB '' não foi encontrado 'sfml-graphics-s-d.lib(View.obj)' ou no ''; vinculando objeto quando quando sem nenhuma informação de depuração
sfml-graphics-s-d.lib(BlendMode.obj) : warning LNK4099: PDB '' não foi encontrado 'sfml-graphics-s-d.lib(BlendMode.obj)' ou no ''; vinculando objeto quando quando sem nenhuma informação de depuração
sfml-graphics-s-d.lib(Vertex.obj) : warning LNK4099: PDB '' não foi encontrado 'sfml-graphics-s-d.lib(Vertex.obj)' ou no ''; vinculando objeto quando quando sem nenhuma informação de depuração
sfml-graphics-s-d.lib(Shader.obj) : warning LNK4099: PDB '' não foi encontrado 'sfml-graphics-s-d.lib(Shader.obj)' ou no ''; vinculando objeto quando quando sem nenhuma informação de depuração
sfml-graphics-s-d.lib(VertexBuffer.obj) : warning LNK4099: PDB '' não foi encontrado 'sfml-graphics-s-d.lib(VertexBuffer.obj)' ou no ''; vinculando objeto quando quando sem nenhuma informação de depuração
sfml-graphics-s-d.lib(GLExtensions.obj) : warning LNK4099: PDB '' não foi encontrado 'sfml-graphics-s-d.lib(GLExtensions.obj)' ou no ''; vinculando objeto quando quando sem nenhuma informação de depuração
sfml-graphics-s-d.lib(GLCheck.obj) : warning LNK4099: PDB '' não foi encontrado 'sfml-graphics-s-d.lib(GLCheck.obj)' ou no ''; vinculando objeto quando quando sem nenhuma informação de depuração
sfml-graphics-s-d.lib(RenderTextureImplFBO.obj) : warning LNK4099: PDB '' não foi encontrado 'sfml-graphics-s-d.lib(RenderTextureImplFBO.obj)' ou no ''; vinculando objeto quando quando sem nenhuma informação de depuração
sfml-graphics-s-d.lib(Image.obj) : warning LNK4099: PDB '' não foi encontrado 'sfml-graphics-s-d.lib(Image.obj)' ou no ''; vinculando objeto quando quando sem nenhuma informação de depuração
sfml-graphics-s-d.lib(TextureSaver.obj) : warning LNK4099: PDB '' não foi encontrado 'sfml-graphics-s-d.lib(TextureSaver.obj)' ou no ''; vinculando objeto quando quando sem nenhuma informação de depuração
sfml-graphics-s-d.lib(Glsl.obj) : warning LNK4099: PDB '' não foi encontrado 'sfml-graphics-s-d.lib(Glsl.obj)' ou no ''; vinculando objeto quando quando sem nenhuma informação de depuração
sfml-graphics-s-d.lib(RenderTextureImpl.obj) : warning LNK4099: PDB '' não foi encontrado 'sfml-graphics-s-d.lib(RenderTextureImpl.obj)' ou no ''; vinculando objeto quando quando sem nenhuma informação de depuração
sfml-graphics-s-d.lib(ImageLoader.obj) : warning LNK4099: PDB '' não foi encontrado 'sfml-graphics-s-d.lib(ImageLoader.obj)' ou no ''; vinculando objeto quando quando sem nenhuma informação de depuração
sfml-system-s-d.lib(String.obj) : warning LNK4099: PDB '' não foi encontrado 'sfml-system-s-d.lib(String.obj)' ou no ''; vinculando objeto quando quando sem nenhuma informação de depuração
sfml-system-s-d.lib(Err.obj) : warning LNK4099: PDB '' não foi encontrado 'sfml-system-s-d.lib(Err.obj)' ou no ''; vinculando objeto quando quando sem nenhuma informação de depuração
sfml-system-s-d.lib(Time.obj) : warning LNK4099: PDB '' não foi encontrado 'sfml-system-s-d.lib(Time.obj)' ou no ''; vinculando objeto quando quando sem nenhuma informação de depuração
sfml-system-s-d.lib(Clock.obj) : warning LNK4099: PDB '' não foi encontrado 'sfml-system-s-d.lib(Clock.obj)' ou no ''; vinculando objeto quando quando sem nenhuma informação de depuração
sfml-system-s-d.lib(Sleep.obj) : warning LNK4099: PDB '' não foi encontrado 'sfml-system-s-d.lib(Sleep.obj)' ou no ''; vinculando objeto quando quando sem nenhuma informação de depuração
sfml-system-s-d.lib(ThreadLocal.obj) : warning LNK4099: PDB '' não foi encontrado 'sfml-system-s-d.lib(ThreadLocal.obj)' ou no ''; vinculando objeto quando quando sem nenhuma informação de depuração
sfml-system-s-d.lib(Mutex.obj) : warning LNK4099: PDB '' não foi encontrado 'sfml-system-s-d.lib(Mutex.obj)' ou no ''; vinculando objeto quando quando sem nenhuma informação de depuração
sfml-system-s-d.lib(Lock.obj) : warning LNK4099: PDB '' não foi encontrado 'sfml-system-s-d.lib(Lock.obj)' ou no ''; vinculando objeto quando quando sem nenhuma informação de depuração
sfml-system-s-d.lib(ClockImpl.obj) : warning LNK4099: PDB '' não foi encontrado 'sfml-system-s-d.lib(ClockImpl.obj)' ou no ''; vinculando objeto quando quando sem nenhuma informação de depuração
sfml-system-s-d.lib(SleepImpl.obj) : warning LNK4099: PDB '' não foi encontrado 'sfml-system-s-d.lib(SleepImpl.obj)' ou no ''; vinculando objeto quando quando sem nenhuma informação de depuração
sfml-system-s-d.lib(ThreadLocalImpl.obj) : warning LNK4099: PDB '' não foi encontrado 'sfml-system-s-d.lib(ThreadLocalImpl.obj)' ou no ''; vinculando objeto quando quando sem nenhuma informação de depuração
sfml-system-s-d.lib(MutexImpl.obj) : warning LNK4099: PDB '' não foi encontrado 'sfml-system-s-d.lib(MutexImpl.obj)' ou no ''; vinculando objeto quando quando sem nenhuma informação de depuração
  SFML.vcxproj -> C:\Users\amede\Desktop\VS\SFML\x64\Debug\SFML.exe
